<?xml version="1.0" encoding="UTF-8"?>
<!-- Generated by org.testng.reporters.JUnitReportReporter -->
<testsuite hostname="DESKTOP-RGULHIU" failures="0" tests="1" name="seleniumtestcases.login_vaiddata" time="5.688" errors="0" timestamp="2024-06-18T14:14:20 EET" skipped="0">
  <testcase classname="seleniumtestcases.login_vaiddata" name="testOrangeHRM" time="5.688"/>
</testsuite> <!-- seleniumtestcases.login_vaiddata -->
