<?xml version="1.0" encoding="UTF-8"?>
<!-- Generated by org.testng.reporters.JUnitReportReporter -->
<testsuite hostname="DESKTOP-RGULHIU" failures="0" tests="1" name="seleniumtestcases.login_invaiddaata" time="4.336" errors="0" timestamp="2024-06-01T17:48:02 EET" skipped="0">
  <testcase classname="seleniumtestcases.login_invaiddaata" name="testOrangeHRM" time="4.336"/>
</testsuite> <!-- seleniumtestcases.login_invaiddaata -->
