<?xml version="1.0" encoding="UTF-8"?>
<!-- Generated by org.testng.reporters.JUnitReportReporter -->
<testsuite hostname="DESKTOP-RGULHIU" failures="0" tests="1" name="seleniumtestcases.login_vaiddata" time="5.187" errors="0" timestamp="2024-12-03T23:07:06 EET" skipped="0">
  <testcase classname="seleniumtestcases.login_vaiddata" name="testOrangeHRM" time="5.187"/>
</testsuite> <!-- seleniumtestcases.login_vaiddata -->
