<?xml version="1.0" encoding="UTF-8"?>
<!-- Generated by org.testng.reporters.JUnitReportReporter -->
<testsuite hostname="DESKTOP-RGULHIU" failures="0" tests="1" name="selenium.SeleniumTest" time="5.068" errors="0" timestamp="2024-12-03T23:00:25 EET" skipped="0">
  <testcase classname="selenium.SeleniumTest" name="testElementLoading" time="5.068"/>
</testsuite> <!-- selenium.SeleniumTest -->
