<?xml version="1.0" encoding="UTF-8"?>
<!-- Generated by org.testng.reporters.JUnitReportReporter -->
<testsuite hostname="DESKTOP-RGULHIU" failures="0" tests="1" name="seleniumtestcases.dashboard" time="7.318" errors="0" timestamp="2024-07-02T21:04:22 EET" skipped="0">
  <testcase classname="seleniumtestcases.dashboard" name="testDashboardAccess" time="7.318"/>
</testsuite> <!-- seleniumtestcases.dashboard -->
