<?xml version="1.0" encoding="UTF-8"?>
<!-- Generated by org.testng.reporters.JUnitReportReporter -->
<testsuite hostname="DESKTOP-RGULHIU" failures="0" tests="1" name="seleniumtestcases.addlead" time="8.552" errors="0" timestamp="2024-06-01T19:36:14 EET" skipped="0">
  <testcase classname="seleniumtestcases.addlead" name="navigateToAddLead" time="8.552"/>
</testsuite> <!-- seleniumtestcases.addlead -->
