<?xml version="1.0" encoding="UTF-8"?>
<!-- Generated by org.testng.reporters.JUnitReportReporter -->
<testsuite hostname="DESKTOP-RGULHIU" failures="0" tests="1" name="seleniumtestcases.lead_action" time="16.234" errors="0" timestamp="2024-12-03T23:07:06 EET" skipped="0">
  <testcase classname="seleniumtestcases.lead_action" name="navigateToAddLead" time="16.234"/>
</testsuite> <!-- seleniumtestcases.lead_action -->
